=== T46 ===
[canon] T  [volumes] 1: ['T46']...

[volume] T46
  [files] 46
  [ok] cbeta-T46n1911: 20 juans, 722217 bytes
  [ok] cbeta-T46n1912: 40 juans, 1432965 bytes
  [ok] cbeta-T46n1913: 2 juans, 59109 bytes
  [ok] cbeta-T46n1914: 1 juans, 14433 bytes
  [ok] cbeta-T46n1915: 1 juans, 69033 bytes
  [ok] cbeta-T46n1916: 12 juans, 387697 bytes
  [ok] cbeta-T46n1917: 1 juans, 35276 bytes
  [ok] cbeta-T46n1918: 4 juans, 121538 bytes
  [ok] cbeta-T46n1919: 1 juans, 16128 bytes
  [ok] cbeta-T46n1920: 1 juans, 16040 bytes
  [ok] cbeta-T46n1921: 5 juans, 166459 bytes
  [ok] cbeta-T46n1922: 1 juans, 32518 bytes
  [ok] cbeta-T46n1923: 2 juans, 75299 bytes
  [ok] cbeta-T46n1924: 4 juans, 113426 bytes
  [ok] cbeta-T46n1925: 6 juans, 146256 bytes
  [ok] cbeta-T46n1926: 1 juans, 24835 bytes
  [ok] cbeta-T46n1927: 1 juans, 9539 bytes
  [ok] cbeta-T46n1928: 2 juans, 79089 bytes
  [ok] cbeta-T46n1929: 12 juans, 231372 bytes
  [ok] cbeta-T46n1930: 1 juans, 23339 bytes
  [ok] cbeta-T46n1931: 1 juans, 33745 bytes
  [ok] cbeta-T46n1932: 1 juans, 26155 bytes
  [ok] cbeta-T46n1933: 1 juans, 31624 bytes
  [ok] cbeta-T46n1934: 4 juans, 145055 bytes
  [ok] cbeta-T46n1935: 1 juans, 29410 bytes
  [ok] cbeta-T46n1936: 2 juans, 111708 bytes
  [ok] cbeta-T46n1937: 7 juans, 364253 bytes
  [ok] cbeta-T46n1938: 1 juans, 13367 bytes
  [ok] cbeta-T46n1939: 1 juans, 24100 bytes
  [ok] cbeta-T46n1940: 1 juans, 27902 bytes
  [ok] cbeta-T46n1941: 1 juans, 25136 bytes
  [ok] cbeta-T46n1942: 1 juans, 1822 bytes
  [ok] cbeta-T46n1943: 1 juans, 113 bytes
  [ok] cbeta-T46n1944: 1 juans, 1415 bytes
  [ok] cbeta-T46n1945: 1 juans, 18390 bytes
  [ok] cbeta-T46n1946: 1 juans, 7826 bytes
  [ok] cbeta-T46n1947: 1 juans, 10575 bytes
  [ok] cbeta-T46n1948: 1 juans, 10348 bytes
  [ok] cbeta-T46n1949: 1 juans, 17574 bytes
  [ok] cbeta-T46n1950: 1 juans, 23093 bytes
  [ok] cbeta-T46n1951: 1 juans, 19680 bytes
  [ok] cbeta-T46n1952: 1 juans, 9881 bytes
  [ok] cbeta-T46n1953: 1 juans, 7889 bytes
  [ok] cbeta-T46n1954: 1 juans, 3226 bytes
  [ok] cbeta-T46n1955: 2 juans, 68244 bytes
  [ok] cbeta-T46n1956: 1 juans, 28482 bytes

[summary] {"ok": 46}
=== T47 ===
[canon] T  [volumes] 1: ['T47']...

[volume] T47
  [files] 49
  [ok] cbeta-T47n1957: 1 juans, 15312 bytes
  [ok] cbeta-T47n1958: 2 juans, 92657 bytes
  [ok] cbeta-T47n1959: 1 juans, 37849 bytes
  [ok] cbeta-T47n1960: 7 juans, 225690 bytes
  [ok] cbeta-T47n1961: 1 juans, 24267 bytes
  [ok] cbeta-T47n1962: 1 juans, 7274 bytes
  [ok] cbeta-T47n1963: 3 juans, 104529 bytes
  [ok] cbeta-T47n1964: 1 juans, 32570 bytes
  [ok] cbeta-T47n1965: 1 juans, 50199 bytes
  [ok] cbeta-T47n1966: 2 juans, 71898 bytes
  [ok] cbeta-T47n1967: 3 juans, 57643 bytes
  [ok] cbeta-T47n1968: 1 juans, 13405 bytes
  [ok] cbeta-T47n1969A: 5 juans, 407098 bytes
  [ok] cbeta-T47n1969B: 2 juans, 84632 bytes
  [ok] cbeta-T47n1970: 12 juans, 168616 bytes
  [ok] cbeta-T47n1971: 1 juans, 10165 bytes
  [ok] cbeta-T47n1972: 1 juans, 53394 bytes
  [ok] cbeta-T47n1973: 10 juans, 233481 bytes
  [ok] cbeta-T47n1974: 2 juans, 130895 bytes
  [ok] cbeta-T47n1975: 1 juans, 14380 bytes
  [ok] cbeta-T47n1976: 10 juans, 175850 bytes
  [ok] cbeta-T47n1977: 1 juans, 4009 bytes
  [ok] cbeta-T47n1978: 1 juans, 21390 bytes
  [ok] cbeta-T47n1979: 2 juans, 63287 bytes
  [ok] cbeta-T47n1980: 1 juans, 48809 bytes
  [ok] cbeta-T47n1981: 1 juans, 50223 bytes
  [ok] cbeta-T47n1982: 2 juans, 90055 bytes
  [ok] cbeta-T47n1983: 2 juans, 83287 bytes
  [ok] cbeta-T47n1984: 1 juans, 15113 bytes
  [ok] cbeta-T47n1985: 1 juans, 60953 bytes
  [ok] cbeta-T47n1986A: 1 juans, 57743 bytes
  [ok] cbeta-T47n1986B: 1 juans, 31804 bytes
  [ok] cbeta-T47n1987A: 1 juans, 43830 bytes
  [ok] cbeta-T47n1987B: 2 juans, 36902 bytes
  [ok] cbeta-T47n1988: 3 juans, 158470 bytes
  [ok] cbeta-T47n1989: 1 juans, 22761 bytes
  [ok] cbeta-T47n1990: 1 juans, 28946 bytes
  [ok] cbeta-T47n1991: 1 juans, 28236 bytes
  [ok] cbeta-T47n1992: 3 juans, 162205 bytes
  [ok] cbeta-T47n1993: 1 juans, 48419 bytes
  [ok] cbeta-T47n1994A: 1 juans, 30323 bytes
  [ok] cbeta-T47n1994B: 1 juans, 13245 bytes
  [ok] cbeta-T47n1995: 3 juans, 100281 bytes
  [ok] cbeta-T47n1996: 6 juans, 238009 bytes
  [ok] cbeta-T47n1997: 20 juans, 472358 bytes
  [ok] cbeta-T47n1998A: 30 juans, 661136 bytes
  [ok] cbeta-T47n1998B: 1 juans, 70066 bytes
  [ok] cbeta-T47n1999: 1 juans, 123645 bytes
  [ok] cbeta-T47n2000: 10 juans, 400276 bytes

[summary] {"ok": 49}
=== T48 ===
[canon] T  [volumes] 1: ['T48']...

[volume] T48
  [files] 28
  [ok] cbeta-T48n2001: 9 juans, 727248 bytes
  [ok] cbeta-T48n2002A: 2 juans, 60936 bytes
  [ok] cbeta-T48n2002B: 1 juans, 15815 bytes
  [ok] cbeta-T48n2003: 10 juans, 401868 bytes
  [ok] cbeta-T48n2004: 6 juans, 322101 bytes
  [ok] cbeta-T48n2005: 1 juans, 31760 bytes
  [ok] cbeta-T48n2006: 6 juans, 167659 bytes
  [ok] cbeta-T48n2007: 1 juans, 47892 bytes
  [ok] cbeta-T48n2008: 1 juans, 102849 bytes
  [ok] cbeta-T48n2009: 1 juans, 60785 bytes
  [ok] cbeta-T48n2010: 1 juans, 3549 bytes
  [ok] cbeta-T48n2011: 1 juans, 11222 bytes
  [ok] cbeta-T48n2012A: 1 juans, 22941 bytes
  [ok] cbeta-T48n2012B: 1 juans, 15836 bytes
  [ok] cbeta-T48n2013: 1 juans, 42089 bytes
  [ok] cbeta-T48n2014: 1 juans, 13671 bytes
  [ok] cbeta-T48n2015: 4 juans, 62112 bytes
  [ok] cbeta-T48n2016: 100 juans, 2816684 bytes
  [ok] cbeta-T48n2017: 3 juans, 195590 bytes
  [ok] cbeta-T48n2018: 1 juans, 25342 bytes
  [ok] cbeta-T48n2019A: 1 juans, 25299 bytes
  [ok] cbeta-T48n2019B: 1 juans, 6815 bytes
  [ok] cbeta-T48n2020: 1 juans, 20612 bytes
  [ok] cbeta-T48n2021: 1 juans, 31279 bytes
  [ok] cbeta-T48n2022: 4 juans, 113768 bytes
  [ok] cbeta-T48n2023: 10 juans, 299929 bytes
  [ok] cbeta-T48n2024: 1 juans, 52954 bytes
  [ok] cbeta-T48n2025: 8 juans, 204415 bytes

[summary] {"ok": 28}
=== T49 ===
[canon] T  [volumes] 1: ['T49']...

[volume] T49
  [files] 14
  [ok] cbeta-T49n2026: 1 juans, 20317 bytes
  [ok] cbeta-T49n2027: 1 juans, 13530 bytes
  [ok] cbeta-T49n2028: 1 juans, 12536 bytes
  [ok] cbeta-T49n2029: 1 juans, 14708 bytes
  [ok] cbeta-T49n2030: 1 juans, 10277 bytes
  [ok] cbeta-T49n2031: 1 juans, 12015 bytes
  [ok] cbeta-T49n2032: 1 juans, 11785 bytes
  [ok] cbeta-T49n2033: 1 juans, 14244 bytes
  [ok] cbeta-T49n2034: 15 juans, 268791 bytes
  [ok] cbeta-T49n2035: 55 juans, 1353092 bytes
  [ok] cbeta-T49n2036: 22 juans, 1097898 bytes
  [ok] cbeta-T49n2037: 4 juans, 683508 bytes
  [ok] cbeta-T49n2038: 3 juans, 234393 bytes
  [ok] cbeta-T49n2039: 5 juans, 278225 bytes

[summary] {"ok": 14}
=== T50 ===
[canon] T  [volumes] 1: ['T50']...

[volume] T50
  [files] 27
  [ok] cbeta-T50n2040: 5 juans, 392049 bytes
  [ok] cbeta-T50n2041: 1 juans, 62949 bytes
  [ok] cbeta-T50n2042: 7 juans, 154105 bytes
  [ok] cbeta-T50n2043: 10 juans, 183820 bytes
  [ok] cbeta-T50n2044: 1 juans, 9550 bytes
  [ok] cbeta-T50n2045: 1 juans, 68624 bytes
  [ok] cbeta-T50n2046: 1 juans, 4163 bytes
  [ok] cbeta-T50n2047a: 1 juans, 5972 bytes
  [ok] cbeta-T50n2047b: 1 juans, 5426 bytes
  [ok] cbeta-T50n2048: 1 juans, 6077 bytes
  [ok] cbeta-T50n2049: 1 juans, 14721 bytes
  [ok] cbeta-T50n2050: 1 juans, 32808 bytes
  [ok] cbeta-T50n2051: 3 juans, 74482 bytes
  [ok] cbeta-T50n2052: 1 juans, 34669 bytes
  [ok] cbeta-T50n2053: 10 juans, 285346 bytes
  [ok] cbeta-T50n2054: 1 juans, 42875 bytes
  [ok] cbeta-T50n2055: 1 juans, 10814 bytes
  [ok] cbeta-T50n2056: 1 juans, 12530 bytes
  [ok] cbeta-T50n2057: 1 juans, 6387 bytes
  [ok] cbeta-T50n2058: 6 juans, 126105 bytes
  [ok] cbeta-T50n2059: 14 juans, 484113 bytes
  [ok] cbeta-T50n2060: 30 juans, 1312675 bytes
  [ok] cbeta-T50n2061: 30 juans, 929167 bytes
  [ok] cbeta-T50n2062: 8 juans, 150592 bytes
  [ok] cbeta-T50n2063: 4 juans, 65706 bytes
  [ok] cbeta-T50n2064: 9 juans, 320075 bytes
  [ok] cbeta-T50n2065: 2 juans, 37930 bytes

[summary] {"ok": 27}
=== T51 ===
[canon] T  [volumes] 1: ['T51']...

[volume] T51
  [files] 36
  [ok] cbeta-T51n2066: 2 juans, 51520 bytes
  [ok] cbeta-T51n2067: 10 juans, 170707 bytes
  [ok] cbeta-T51n2068: 10 juans, 227074 bytes
  [ok] cbeta-T51n2069: 1 juans, 33340 bytes
  [ok] cbeta-T51n2070: 1 juans, 19603 bytes
  [ok] cbeta-T51n2071: 3 juans, 89506 bytes
  [ok] cbeta-T51n2072: 3 juans, 112243 bytes
  [ok] cbeta-T51n2073: 5 juans, 92770 bytes
  [ok] cbeta-T51n2074: 1 juans, 25511 bytes
  [ok] cbeta-T51n2075: 1 juans, 88767 bytes
  [ok] cbeta-T51n2076: 30 juans, 1162157 bytes
  [ok] cbeta-T51n2077: 36 juans, 1064575 bytes
  [ok] cbeta-T51n2078: 9 juans, 253736 bytes
  [ok] cbeta-T51n2079: 1 juans, 22555 bytes
  [ok] cbeta-T51n2080: 2 juans, 46970 bytes
  [ok] cbeta-T51n2081: 2 juans, 15431 bytes
  [ok] cbeta-T51n2082: 3 juans, 69103 bytes
  [ok] cbeta-T51n2083: 2 juans, 113142 bytes
  [ok] cbeta-T51n2084: 3 juans, 130704 bytes
  [ok] cbeta-T51n2085: 1 juans, 47279 bytes
  [ok] cbeta-T51n2086: 1 juans, 3295 bytes
  [ok] cbeta-T51n2087: 12 juans, 376036 bytes
  [ok] cbeta-T51n2088: 2 juans, 123839 bytes
  [ok] cbeta-T51n2089: 1 juans, 94754 bytes
  [ok] cbeta-T51n2090: 1 juans, 7871 bytes
  [ok] cbeta-T51n2091: 1 juans, 3171 bytes
  [ok] cbeta-T51n2092: 5 juans, 103989 bytes
  [ok] cbeta-T51n2093: 1 juans, 6954 bytes
  [ok] cbeta-T51n2094: 1 juans, 1618 bytes
  [ok] cbeta-T51n2095: 5 juans, 125727 bytes
  [ok] cbeta-T51n2096: 1 juans, 17742 bytes
  [ok] cbeta-T51n2097: 3 juans, 168177 bytes
  [ok] cbeta-T51n2098: 2 juans, 41307 bytes
  [ok] cbeta-T51n2099: 3 juans, 125671 bytes
  [ok] cbeta-T51n2100: 2 juans, 39993 bytes
  [ok] cbeta-T51n2101: 1 juans, 24178 bytes

[summary] {"ok": 36}
=== T52 ===
[canon] T  [volumes] 1: ['T52']...

[volume] T52
  [files] 19
  [ok] cbeta-T52n2102: 14 juans, 433751 bytes
  [ok] cbeta-T52n2103: 30 juans, 1188212 bytes
  [ok] cbeta-T52n2104: 4 juans, 159964 bytes
  [ok] cbeta-T52n2105: 1 juans, 30124 bytes
  [ok] cbeta-T52n2106: 3 juans, 142917 bytes
  [ok] cbeta-T52n2107: 1 juans, 36222 bytes
  [ok] cbeta-T52n2108: 6 juans, 136699 bytes
  [ok] cbeta-T52n2109: 2 juans, 67626 bytes
  [ok] cbeta-T52n2110: 8 juans, 249640 bytes
  [ok] cbeta-T52n2111: 3 juans, 40487 bytes
  [ok] cbeta-T52n2112: 3 juans, 54833 bytes
  [ok] cbeta-T52n2113: 10 juans, 216786 bytes
  [ok] cbeta-T52n2114: 1 juans, 49589 bytes
  [ok] cbeta-T52n2115: 19 juans, 476561 bytes
  [ok] cbeta-T52n2116: 5 juans, 144824 bytes
  [ok] cbeta-T52n2117: 2 juans, 64464 bytes
  [ok] cbeta-T52n2118: 5 juans, 43799 bytes
  [ok] cbeta-T52n2119: 1 juans, 42581 bytes
  [ok] cbeta-T52n2120: 6 juans, 123404 bytes

[summary] {"ok": 19}
=== T53 ===
[canon] T  [volumes] 1: ['T53']...

[volume] T53
  [files] 2
  [ok] cbeta-T53n2121: 50 juans, 1222156 bytes
  [ok] cbeta-T53n2122: 100 juans, 3526512 bytes

[summary] {"ok": 2}
=== T54 ===
[canon] T  [volumes] 1: ['T54']...

[volume] T54
  [files] 24
  [ok] cbeta-T54n2123: 20 juans, 938446 bytes
  [ok] cbeta-T54n2124: 1 juans, 44405 bytes
  [ok] cbeta-T54n2125: 4 juans, 132630 bytes
  [ok] cbeta-T54n2126: 3 juans, 107760 bytes
  [ok] cbeta-T54n2127: 3 juans, 225470 bytes
  [ok] cbeta-T54n2128: 100 juans, 483340 bytes
  [ok] cbeta-T54n2129: 10 juans, 32269 bytes
  [ok] cbeta-T54n2130: 10 juans, 15939 bytes
  [ok] cbeta-T54n2131: 7 juans, 679324 bytes
  [ok] cbeta-T54n2132: 1 juans, 11639 bytes
  [ok] cbeta-T54n2133A: 1 juans, 27113 bytes
  [ok] cbeta-T54n2133B: 1 juans, 42502 bytes
  [ok] cbeta-T54n2134: 1 juans, 16199 bytes
  [ok] cbeta-T54n2135: 1 juans, 36883 bytes
  [ok] cbeta-T54n2136: 1 juans, 3914 bytes
  [ok] cbeta-T54n2137: 3 juans, 87097 bytes
  [ok] cbeta-T54n2138: 1 juans, 16004 bytes
  [ok] cbeta-T54n2139: 2 juans, 20343 bytes
  [ok] cbeta-T54n2140: 1 juans, 62766 bytes
  [ok] cbeta-T54n2141A: 1 juans, 5344 bytes
  [ok] cbeta-T54n2141B: 1 juans, 25587 bytes
  [ok] cbeta-T54n2142: 1 juans, 9913 bytes
  [ok] cbeta-T54n2143: 1 juans, 2896 bytes
  [ok] cbeta-T54n2144: 1 juans, 7206 bytes

[summary] {"ok": 24}
=== T55 ===
[canon] T  [volumes] 1: ['T55']...

[volume] T55
  [files] 42
  [ok] cbeta-T55n2145: 15 juans, 348832 bytes
  [ok] cbeta-T55n2146: 7 juans, 14606 bytes
  [ok] cbeta-T55n2147: 5 juans, 7699 bytes
  [ok] cbeta-T55n2148: 5 juans, 11212 bytes
  [ok] cbeta-T55n2149: 10 juans, 211612 bytes
  [ok] cbeta-T55n2150: 1 juans, 6896 bytes
  [ok] cbeta-T55n2151: 4 juans, 83864 bytes
  [ok] cbeta-T55n2152: 1 juans, 21866 bytes
  [ok] cbeta-T55n2153: 15 juans, 130297 bytes
  [ok] cbeta-T55n2154: 20 juans, 384159 bytes
  [ok] cbeta-T55n2155: 5 juans, 16552 bytes
  [ok] cbeta-T55n2156: 3 juans, 78178 bytes
  [ok] cbeta-T55n2157: 30 juans, 454044 bytes
  [ok] cbeta-T55n2158: 1 juans, 11801 bytes
  [ok] cbeta-T55n2159: 1 juans, 4542 bytes
  [ok] cbeta-T55n2160: 1 juans, 3380 bytes
  [ok] cbeta-T55n2161: 1 juans, 9864 bytes
  [ok] cbeta-T55n2162: 1 juans, 1812 bytes
  [ok] cbeta-T55n2163: 1 juans, 9129 bytes
  [ok] cbeta-T55n2164: 1 juans, 3032 bytes
  [ok] cbeta-T55n2165: 1 juans, 1286 bytes
  [ok] cbeta-T55n2166: 1 juans, 1659 bytes
  [ok] cbeta-T55n2167: 1 juans, 1908 bytes
  [ok] cbeta-T55n2168A: 1 juans, 166 bytes
  [ok] cbeta-T55n2168B: 1 juans, 813 bytes
  [ok] cbeta-T55n2169: 1 juans, 420 bytes
  [ok] cbeta-T55n2170: 1 juans, 721 bytes
  [ok] cbeta-T55n2171: 1 juans, 1346 bytes
  [ok] cbeta-T55n2172: 1 juans, 1539 bytes
  [ok] cbeta-T55n2173: 1 juans, 2750 bytes
  [ok] cbeta-T55n2174A: 1 juans, 770 bytes
  [ok] cbeta-T55n2174B: 1 juans, 910 bytes
  [ok] cbeta-T55n2175: 1 juans, 440 bytes
  [ok] cbeta-T55n2176: 2 juans, 4174 bytes
  [ok] cbeta-T55n2177: 1 juans, 945 bytes
  [ok] cbeta-T55n2178: 1 juans, 56 bytes
  [ok] cbeta-T55n2179: 1 juans, 55 bytes
  [ok] cbeta-T55n2180: 1 juans, 91 bytes
  [ok] cbeta-T55n2181: 1 juans, 81 bytes
  [ok] cbeta-T55n2182: 1 juans, 1671 bytes
  [ok] cbeta-T55n2183: 1 juans, 669 bytes
  [ok] cbeta-T55n2184: 3 juans, 3067 bytes

[summary] {"ok": 42}
=== T46-T55 DONE ===
