=== T31 ===
[canon] T  [volumes] 1: ['T31']...

[volume] T31
  [files] 43
  [ok] cbeta-T31n1585: 10 juans, 299255 bytes
  [ok] cbeta-T31n1586: 1 juans, 7097 bytes
  [ok] cbeta-T31n1587: 1 juans, 10315 bytes
  [ok] cbeta-T31n1588: 1 juans, 32655 bytes
  [ok] cbeta-T31n1589: 1 juans, 21385 bytes
  [ok] cbeta-T31n1590: 1 juans, 14154 bytes
  [ok] cbeta-T31n1591: 5 juans, 93436 bytes
  [ok] cbeta-T31n1592: 2 juans, 80369 bytes
  [ok] cbeta-T31n1593: 3 juans, 103636 bytes
  [ok] cbeta-T31n1594: 3 juans, 98104 bytes
  [ok] cbeta-T31n1595: 15 juans, 543512 bytes
  [ok] cbeta-T31n1596: 10 juans, 244483 bytes
  [ok] cbeta-T31n1597: 10 juans, 273943 bytes
  [ok] cbeta-T31n1598: 10 juans, 339516 bytes
  [ok] cbeta-T31n1599: 2 juans, 66167 bytes
  [ok] cbeta-T31n1600: 3 juans, 67374 bytes
  [ok] cbeta-T31n1601: 1 juans, 17344 bytes
  [ok] cbeta-T31n1602: 20 juans, 498947 bytes
  [ok] cbeta-T31n1603: 1 juans, 38334 bytes
  [ok] cbeta-T31n1604: 13 juans, 368975 bytes
  [ok] cbeta-T31n1605: 7 juans, 147641 bytes
  [ok] cbeta-T31n1606: 16 juans, 381204 bytes
  [ok] cbeta-T31n1607: 1 juans, 16816 bytes
  [ok] cbeta-T31n1608: 1 juans, 18100 bytes
  [ok] cbeta-T31n1609: 1 juans, 25761 bytes
  [ok] cbeta-T31n1610: 4 juans, 130629 bytes
  [ok] cbeta-T31n1611: 4 juans, 193856 bytes
  [ok] cbeta-T31n1612: 1 juans, 11367 bytes
  [ok] cbeta-T31n1613: 1 juans, 20709 bytes
  [ok] cbeta-T31n1614: 1 juans, 2083 bytes
  [ok] cbeta-T31n1615: 1 juans, 24475 bytes
  [ok] cbeta-T31n1616: 1 juans, 30737 bytes
  [ok] cbeta-T31n1617: 2 juans, 55092 bytes
  [ok] cbeta-T31n1618: 1 juans, 19384 bytes
  [ok] cbeta-T31n1619: 1 juans, 4837 bytes
  [ok] cbeta-T31n1620: 1 juans, 3305 bytes
  [ok] cbeta-T31n1621: 1 juans, 3560 bytes
  [ok] cbeta-T31n1622: 1 juans, 13921 bytes
  [ok] cbeta-T31n1623: 1 juans, 1626 bytes
  [ok] cbeta-T31n1624: 1 juans, 3716 bytes
  [ok] cbeta-T31n1625: 1 juans, 14741 bytes
  [ok] cbeta-T31n1626: 1 juans, 11728 bytes
  [ok] cbeta-T31n1627: 1 juans, 11798 bytes

[summary] {"ok": 43}
=== T32 ===
[canon] T  [volumes] 1: ['T32']...

[volume] T32
  [files] 66
  [ok] cbeta-T32n1628: 1 juans, 25473 bytes
  [ok] cbeta-T32n1629: 1 juans, 26932 bytes
  [ok] cbeta-T32n1630: 1 juans, 10497 bytes
  [ok] cbeta-T32n1631: 1 juans, 53925 bytes
  [ok] cbeta-T32n1632: 1 juans, 26794 bytes
  [ok] cbeta-T32n1633: 1 juans, 37470 bytes
  [ok] cbeta-T32n1634: 2 juans, 69650 bytes
  [ok] cbeta-T32n1635: 10 juans, 123208 bytes
  [ok] cbeta-T32n1636: 25 juans, 370214 bytes
  [ok] cbeta-T32n1637: 2 juans, 23095 bytes
  [ok] cbeta-T32n1638: 2 juans, 23442 bytes
  [ok] cbeta-T32n1639: 1 juans, 8027 bytes
  [ok] cbeta-T32n1640: 1 juans, 7295 bytes
  [ok] cbeta-T32n1641: 1 juans, 55016 bytes
  [ok] cbeta-T32n1642: 1 juans, 11709 bytes
  [ok] cbeta-T32n1643: 1 juans, 5703 bytes
  [ok] cbeta-T32n1644: 10 juans, 267603 bytes
  [ok] cbeta-T32n1645: 2 juans, 57281 bytes
  [ok] cbeta-T32n1646: 16 juans, 632723 bytes
  [ok] cbeta-T32n1647: 4 juans, 124728 bytes
  [ok] cbeta-T32n1648: 12 juans, 315572 bytes
  [ok] cbeta-T32n1649: 3 juans, 46693 bytes
  [ok] cbeta-T32n1650: 2 juans, 41071 bytes
  [ok] cbeta-T32n1651: 1 juans, 5930 bytes
  [ok] cbeta-T32n1652: 1 juans, 21813 bytes
  [ok] cbeta-T32n1653: 1 juans, 20083 bytes
  [ok] cbeta-T32n1654: 1 juans, 5247 bytes
  [ok] cbeta-T32n1655: 1 juans, 11264 bytes
  [ok] cbeta-T32n1656: 1 juans, 75378 bytes
  [ok] cbeta-T32n1657: 1 juans, 10164 bytes
  [ok] cbeta-T32n1658: 1 juans, 5094 bytes
  [ok] cbeta-T32n1659: 2 juans, 42063 bytes
  [ok] cbeta-T32n1660: 6 juans, 122303 bytes
  [ok] cbeta-T32n1661: 1 juans, 11843 bytes
  [ok] cbeta-T32n1662: 4 juans, 115565 bytes
  [ok] cbeta-T32n1663: 1 juans, 3956 bytes
  [ok] cbeta-T32n1664: 4 juans, 46012 bytes
  [ok] cbeta-T32n1665: 1 juans, 11387 bytes
  [ok] cbeta-T32n1666: 1 juans, 39697 bytes
  [ok] cbeta-T32n1667: 2 juans, 40072 bytes
  [ok] cbeta-T32n1668: 10 juans, 364484 bytes
  [ok] cbeta-T32n1669: 20 juans, 122336 bytes
  [ok] cbeta-T32n1670A: 2 juans, 52563 bytes
  [ok] cbeta-T32n1670B: 3 juans, 86570 bytes
  [ok] cbeta-T32n1671: 12 juans, 127626 bytes
  [ok] cbeta-T32n1672: 1 juans, 21459 bytes
  [ok] cbeta-T32n1673: 1 juans, 19880 bytes
  [ok] cbeta-T32n1674: 1 juans, 20102 bytes
  [ok] cbeta-T32n1675: 1 juans, 12722 bytes
  [ok] cbeta-T32n1676: 1 juans, 3706 bytes
  [ok] cbeta-T32n1677: 1 juans, 1210 bytes
  [ok] cbeta-T32n1678: 1 juans, 1603 bytes
  [ok] cbeta-T32n1679: 1 juans, 3777 bytes
  [ok] cbeta-T32n1680: 1 juans, 22600 bytes
  [ok] cbeta-T32n1681: 3 juans, 54942 bytes
  [ok] cbeta-T32n1682: 1 juans, 1871 bytes
  [ok] cbeta-T32n1683: 1 juans, 7917 bytes
  [ok] cbeta-T32n1684: 1 juans, 1469 bytes
  [ok] cbeta-T32n1685: 1 juans, 2579 bytes
  [ok] cbeta-T32n1686: 1 juans, 15918 bytes
  [ok] cbeta-T32n1687: 1 juans, 7710 bytes
  [ok] cbeta-T32n1688: 1 juans, 26658 bytes
  [ok] cbeta-T32n1689: 1 juans, 2285 bytes
  [ok] cbeta-T32n1690: 1 juans, 14266 bytes
  [ok] cbeta-T32n1691: 1 juans, 3951 bytes
  [ok] cbeta-T32n1692: 1 juans, 19036 bytes

[summary] {"ok": 66}
=== T33 ===
[canon] T  [volumes] 1: ['T33']...

[volume] T33
  [files] 25
  [ok] cbeta-T33n1693: 1 juans, 40212 bytes
  [ok] cbeta-T33n1694: 2 juans, 70434 bytes
  [ok] cbeta-T33n1695: 3 juans, 190677 bytes
  [ok] cbeta-T33n1696: 1 juans, 28301 bytes
  [ok] cbeta-T33n1697: 1 juans, 28188 bytes
  [ok] cbeta-T33n1698: 1 juans, 45743 bytes
  [ok] cbeta-T33n1699: 4 juans, 212119 bytes
  [ok] cbeta-T33n1700: 2 juans, 159084 bytes
  [ok] cbeta-T33n1701: 2 juans, 79666 bytes
  [ok] cbeta-T33n1702: 7 juans, 308069 bytes
  [ok] cbeta-T33n1703: 1 juans, 53876 bytes
  [ok] cbeta-T33n1704: 2 juans, 63315 bytes
  [ok] cbeta-T33n1705: 5 juans, 168105 bytes
  [ok] cbeta-T33n1706: 4 juans, 143272 bytes
  [ok] cbeta-T33n1707: 6 juans, 229618 bytes
  [ok] cbeta-T33n1708: 6 juans, 339174 bytes
  [ok] cbeta-T33n1709: 7 juans, 475988 bytes
  [ok] cbeta-T33n1710: 2 juans, 103590 bytes
  [ok] cbeta-T33n1711: 1 juans, 49977 bytes
  [ok] cbeta-T33n1712: 1 juans, 16897 bytes
  [ok] cbeta-T33n1713: 2 juans, 74342 bytes
  [ok] cbeta-T33n1714: 1 juans, 10317 bytes
  [ok] cbeta-T33n1715: 8 juans, 549335 bytes
  [ok] cbeta-T33n1716: 20 juans, 684448 bytes
  [ok] cbeta-T33n1717: 20 juans, 756620 bytes

[summary] {"ok": 25}
=== T34 ===
[canon] T  [volumes] 1: ['T34']...

[volume] T34
  [files] 13
  [ok] cbeta-T34n1718: 20 juans, 755784 bytes
  [ok] cbeta-T34n1719: 31 juans, 1053288 bytes
  [ok] cbeta-T34n1720: 10 juans, 463791 bytes
  [ok] cbeta-T34n1721: 12 juans, 959016 bytes
  [ok] cbeta-T34n1722: 1 juans, 87323 bytes
  [ok] cbeta-T34n1723: 20 juans, 991169 bytes
  [ok] cbeta-T34n1724: 1 juans, 78635 bytes
  [ok] cbeta-T34n1725: 1 juans, 26907 bytes
  [ok] cbeta-T34n1726: 2 juans, 79404 bytes
  [ok] cbeta-T34n1727: 4 juans, 159609 bytes
  [ok] cbeta-T34n1728: 2 juans, 78124 bytes
  [ok] cbeta-T34n1729: 4 juans, 134531 bytes
  [ok] cbeta-T34n1730: 3 juans, 239070 bytes

[summary] {"ok": 13}
=== T35 ===
[canon] T  [volumes] 1: ['T35']...

[volume] T35
  [files] 5
  [ok] cbeta-T35n1731: 1 juans, 63087 bytes
  [ok] cbeta-T35n1732: 10 juans, 466855 bytes
  [ok] cbeta-T35n1733: 20 juans, 1914768 bytes
  [ok] cbeta-T35n1734: 1 juans, 47432 bytes
  [ok] cbeta-T35n1735: 60 juans, 2280466 bytes

[summary] {"ok": 5}
=== T36 ===
[canon] T  [volumes] 1: ['T36']...

[volume] T36
  [files] 8
  [ok] cbeta-T36n1736: 90 juans, 3539675 bytes
  [ok] cbeta-T36n1737: 1 juans, 41924 bytes
  [ok] cbeta-T36n1738: 1 juans, 50942 bytes
  [ok] cbeta-T36n1739: 40 juans, 1415164 bytes
  [ok] cbeta-T36n1740: 1 juans, 8772 bytes
  [ok] cbeta-T36n1741: 8 juans, 189285 bytes
  [ok] cbeta-T36n1742: 2 juans, 72971 bytes
  [ok] cbeta-T36n1743: 1 juans, 9298 bytes

[summary] {"ok": 8}
=== T37 ===
[canon] T  [volumes] 1: ['T37']...

[volume] T37
  [files] 21
  [ok] cbeta-T37n1744: 6 juans, 472912 bytes
  [ok] cbeta-T37n1745: 2 juans, 141898 bytes
  [ok] cbeta-T37n1746: 1 juans, 49866 bytes
  [ok] cbeta-T37n1747: 1 juans, 31482 bytes
  [ok] cbeta-T37n1748: 3 juans, 201843 bytes
  [ok] cbeta-T37n1749: 2 juans, 74080 bytes
  [ok] cbeta-T37n1750: 1 juans, 45309 bytes
  [ok] cbeta-T37n1751: 6 juans, 205018 bytes
  [ok] cbeta-T37n1752: 1 juans, 63605 bytes
  [ok] cbeta-T37n1753: 4 juans, 163097 bytes
  [ok] cbeta-T37n1754: 3 juans, 138728 bytes
  [ok] cbeta-T37n1755: 1 juans, 7301 bytes
  [ok] cbeta-T37n1756: 1 juans, 15424 bytes
  [ok] cbeta-T37n1757: 1 juans, 95194 bytes
  [ok] cbeta-T37n1758: 3 juans, 97590 bytes
  [ok] cbeta-T37n1759: 1 juans, 13272 bytes
  [ok] cbeta-T37n1760: 1 juans, 29958 bytes
  [ok] cbeta-T37n1761: 1 juans, 39791 bytes
  [ok] cbeta-T37n1762: 1 juans, 56087 bytes
  [ok] cbeta-T37n1763: 71 juans, 1090111 bytes
  [ok] cbeta-T37n1764: 12 juans, 1573619 bytes

[summary] {"ok": 21}
=== T38 ===
[canon] T  [volumes] 1: ['T38']...

[volume] T38
  [files] 18
  [ok] cbeta-T38n1765: 2 juans, 73366 bytes
  [ok] cbeta-T38n1766: 4 juans, 144728 bytes
  [ok] cbeta-T38n1767: 33 juans, 984779 bytes
  [ok] cbeta-T38n1768: 1 juans, 47382 bytes
  [ok] cbeta-T38n1769: 1 juans, 87192 bytes
  [ok] cbeta-T38n1770: 2 juans, 30175 bytes
  [ok] cbeta-T38n1771: 1 juans, 48577 bytes
  [ok] cbeta-T38n1772: 2 juans, 136701 bytes
  [ok] cbeta-T38n1773: 1 juans, 19977 bytes
  [ok] cbeta-T38n1774: 1 juans, 122961 bytes
  [ok] cbeta-T38n1775: 10 juans, 415370 bytes
  [ok] cbeta-T38n1776: 8 juans, 529103 bytes
  [ok] cbeta-T38n1777: 6 juans, 237229 bytes
  [ok] cbeta-T38n1778: 10 juans, 771533 bytes
  [ok] cbeta-T38n1779: 10 juans, 791172 bytes
  [ok] cbeta-T38n1780: 8 juans, 283099 bytes
  [ok] cbeta-T38n1781: 6 juans, 438441 bytes
  [ok] cbeta-T38n1782: 12 juans, 596297 bytes

[summary] {"ok": 18}
=== T39 ===
[canon] T  [volumes] 1: ['T39']...

[volume] T39
  [files] 21
  [ok] cbeta-T39n1783: 2 juans, 56206 bytes
  [ok] cbeta-T39n1784: 6 juans, 177411 bytes
  [ok] cbeta-T39n1785: 6 juans, 184744 bytes
  [ok] cbeta-T39n1786: 12 juans, 421233 bytes
  [ok] cbeta-T39n1787: 1 juans, 75761 bytes
  [ok] cbeta-T39n1788: 10 juans, 853899 bytes
  [ok] cbeta-T39n1789: 8 juans, 416476 bytes
  [ok] cbeta-T39n1790: 1 juans, 41037 bytes
  [ok] cbeta-T39n1791: 10 juans, 341791 bytes
  [ok] cbeta-T39n1792: 2 juans, 38369 bytes
  [ok] cbeta-T39n1793: 1 juans, 19401 bytes
  [ok] cbeta-T39n1794: 1 juans, 32741 bytes
  [ok] cbeta-T39n1795: 4 juans, 266635 bytes
  [ok] cbeta-T39n1796: 20 juans, 1016785 bytes
  [ok] cbeta-T39n1797: 2 juans, 91048 bytes
  [ok] cbeta-T39n1798: 1 juans, 65095 bytes
  [ok] cbeta-T39n1799: 20 juans, 708778 bytes
  [ok] cbeta-T39n1800: 1 juans, 47550 bytes
  [ok] cbeta-T39n1801: 4 juans, 149257 bytes
  [ok] cbeta-T39n1802: 1 juans, 38651 bytes
  [ok] cbeta-T39n1803: 2 juans, 148817 bytes

[summary] {"ok": 21}
=== T40 ===
[canon] T  [volumes] 1: ['T40']...

[volume] T40
  [files] 17
  [ok] cbeta-T40n1804: 12 juans, 846302 bytes
  [ok] cbeta-T40n1805: 16 juans, 1432779 bytes
  [ok] cbeta-T40n1806: 3 juans, 162951 bytes
  [ok] cbeta-T40n1807: 2 juans, 146049 bytes
  [ok] cbeta-T40n1808: 2 juans, 54747 bytes
  [ok] cbeta-T40n1809: 3 juans, 103571 bytes
  [ok] cbeta-T40n1810: 3 juans, 89757 bytes
  [ok] cbeta-T40n1811: 2 juans, 94589 bytes
  [ok] cbeta-T40n1812: 3 juans, 119303 bytes
  [ok] cbeta-T40n1813: 6 juans, 287576 bytes
  [ok] cbeta-T40n1814: 3 juans, 175382 bytes
  [ok] cbeta-T40n1815: 3 juans, 153570 bytes
  [ok] cbeta-T40n1816: 3 juans, 310565 bytes
  [ok] cbeta-T40n1817: 1 juans, 6257 bytes
  [ok] cbeta-T40n1818: 3 juans, 199281 bytes
  [ok] cbeta-T40n1819: 2 juans, 85016 bytes
  [ok] cbeta-T40n1820: 1 juans, 63645 bytes

[summary] {"ok": 17}
=== T41 ===
[canon] T  [volumes] 1: ['T41']...

[volume] T41
  [files] 3
  [ok] cbeta-T41n1821: 31 juans, 2184439 bytes
  [ok] cbeta-T41n1822: 31 juans, 1727171 bytes
  [ok] cbeta-T41n1823: 30 juans, 815204 bytes

[summary] {"ok": 3}
=== T42 ===
[canon] T  [volumes] 1: ['T42']...

[volume] T42
  [files] 5
  [ok] cbeta-T42n1824: 20 juans, 868588 bytes
  [ok] cbeta-T42n1825: 6 juans, 211688 bytes
  [ok] cbeta-T42n1826: 2 juans, 98968 bytes
  [ok] cbeta-T42n1827: 9 juans, 408500 bytes
  [ok] cbeta-T42n1828: 48 juans, 2820055 bytes

[summary] {"ok": 5}
=== T43 ===
[canon] T  [volumes] 1: ['T43']...

[volume] T43
  [files] 6
  [ok] cbeta-T43n1829: 16 juans, 1158345 bytes
  [ok] cbeta-T43n1830: 20 juans, 1777954 bytes
  [ok] cbeta-T43n1831: 4 juans, 250833 bytes
  [ok] cbeta-T43n1832: 13 juans, 748158 bytes
  [ok] cbeta-T43n1833: 14 juans, 802388 bytes
  [ok] cbeta-T43n1834: 2 juans, 156756 bytes

[summary] {"ok": 6}
=== T44 ===
[canon] T  [volumes] 1: ['T44']...

[volume] T44
  [files] 17
  [ok] cbeta-T44n1835: 3 juans, 203727 bytes
  [ok] cbeta-T44n1836: 2 juans, 34330 bytes
  [ok] cbeta-T44n1837: 2 juans, 43790 bytes
  [ok] cbeta-T44n1838: 1 juans, 78721 bytes
  [ok] cbeta-T44n1839: 1 juans, 68772 bytes
  [ok] cbeta-T44n1840: 3 juans, 258294 bytes
  [ok] cbeta-T44n1841: 1 juans, 76780 bytes
  [ok] cbeta-T44n1842: 1 juans, 80306 bytes
  [ok] cbeta-T44n1843: 4 juans, 133411 bytes
  [ok] cbeta-T44n1844: 2 juans, 122019 bytes
  [ok] cbeta-T44n1845: 2 juans, 71414 bytes
  [ok] cbeta-T44n1846: 5 juans, 211630 bytes
  [ok] cbeta-T44n1847: 1 juans, 42957 bytes
  [ok] cbeta-T44n1848: 20 juans, 543783 bytes
  [ok] cbeta-T44n1849: 1 juans, 65592 bytes
  [ok] cbeta-T44n1850: 6 juans, 202309 bytes
  [ok] cbeta-T44n1851: 26 juans, 2049049 bytes

[summary] {"ok": 17}
=== T45 ===
[canon] T  [volumes] 1: ['T45']...

[volume] T45
  [files] 61
  [ok] cbeta-T45n1852: 1 juans, 66978 bytes
  [ok] cbeta-T45n1853: 5 juans, 317261 bytes
  [ok] cbeta-T45n1854: 3 juans, 192427 bytes
  [ok] cbeta-T45n1855: 1 juans, 31613 bytes
  [ok] cbeta-T45n1856: 3 juans, 105443 bytes
  [ok] cbeta-T45n1857: 1 juans, 34270 bytes
  [ok] cbeta-T45n1858: 1 juans, 57921 bytes
  [ok] cbeta-T45n1859: 3 juans, 197065 bytes
  [ok] cbeta-T45n1860: 3 juans, 197098 bytes
  [ok] cbeta-T45n1861: 7 juans, 619009 bytes
  [ok] cbeta-T45n1862: 3 juans, 163979 bytes
  [ok] cbeta-T45n1863: 4 juans, 203027 bytes
  [ok] cbeta-T45n1864: 1 juans, 91729 bytes
  [ok] cbeta-T45n1865: 2 juans, 41148 bytes
  [ok] cbeta-T45n1866: 4 juans, 145191 bytes
  [ok] cbeta-T45n1867: 1 juans, 25043 bytes
  [ok] cbeta-T45n1868: 1 juans, 22241 bytes
  [ok] cbeta-T45n1869: 2 juans, 84176 bytes
  [ok] cbeta-T45n1870: 4 juans, 256327 bytes
  [ok] cbeta-T45n1871: 1 juans, 35363 bytes
  [ok] cbeta-T45n1872: 1 juans, 6523 bytes
  [ok] cbeta-T45n1873: 2 juans, 66271 bytes
  [ok] cbeta-T45n1874: 2 juans, 66640 bytes
  [ok] cbeta-T45n1875: 1 juans, 45686 bytes
  [ok] cbeta-T45n1876: 1 juans, 22465 bytes
  [ok] cbeta-T45n1877: 1 juans, 46289 bytes
  [ok] cbeta-T45n1878: 1 juans, 27577 bytes
  [ok] cbeta-T45n1879a: 1 juans, 15990 bytes
  [ok] cbeta-T45n1879b: 1 juans, 16505 bytes
  [ok] cbeta-T45n1880: 1 juans, 16678 bytes
  [ok] cbeta-T45n1881: 1 juans, 14461 bytes
  [ok] cbeta-T45n1882: 1 juans, 5631 bytes
  [ok] cbeta-T45n1883: 2 juans, 55144 bytes
  [ok] cbeta-T45n1884: 1 juans, 39226 bytes
  [ok] cbeta-T45n1885: 2 juans, 69279 bytes
  [ok] cbeta-T45n1886: 1 juans, 12889 bytes
  [ok] cbeta-T45n1887A: 1 juans, 29548 bytes
  [ok] cbeta-T45n1887B: 4 juans, 246846 bytes
  [ok] cbeta-T45n1888: 1 juans, 28535 bytes
  [ok] cbeta-T45n1889: 1 juans, 11851 bytes
  [ok] cbeta-T45n1890: 1 juans, 84954 bytes
  [ok] cbeta-T45n1891: 1 juans, 29807 bytes
  [ok] cbeta-T45n1892: 1 juans, 47763 bytes
  [ok] cbeta-T45n1893: 2 juans, 80583 bytes
  [ok] cbeta-T45n1894: 1 juans, 26734 bytes
  [ok] cbeta-T45n1895: 2 juans, 64346 bytes
  [ok] cbeta-T45n1896: 2 juans, 68642 bytes
  [ok] cbeta-T45n1897: 1 juans, 25820 bytes
  [ok] cbeta-T45n1898: 1 juans, 41317 bytes
  [ok] cbeta-T45n1899: 2 juans, 67357 bytes
  [ok] cbeta-T45n1900: 1 juans, 18688 bytes
  [ok] cbeta-T45n1901: 1 juans, 2894 bytes
  [ok] cbeta-T45n1902: 1 juans, 5103 bytes
  [ok] cbeta-T45n1903: 1 juans, 4844 bytes
  [ok] cbeta-T45n1904: 1 juans, 32659 bytes
  [ok] cbeta-T45n1905: 1 juans, 13710 bytes
  [ok] cbeta-T45n1906: 1 juans, 15792 bytes
  [ok] cbeta-T45n1907: 1 juans, 17243 bytes
  [ok] cbeta-T45n1908: 1 juans, 3680 bytes
  [ok] cbeta-T45n1909: 10 juans, 204688 bytes
  [ok] cbeta-T45n1910: 3 juans, 50826 bytes

[summary] {"ok": 61}
=== T31-T45 DONE ===
