=== T21 ===
[canon] T  [volumes] 1: ['T21']...

[volume] T21
  [files] 228
  [ok] cbeta-T21n1199: 1 juans, 28209 bytes
  [ok] cbeta-T21n1200: 1 juans, 22685 bytes
  [ok] cbeta-T21n1201: 3 juans, 41468 bytes
  [ok] cbeta-T21n1202: 1 juans, 16365 bytes
  [ok] cbeta-T21n1203: 1 juans, 15495 bytes
  [ok] cbeta-T21n1204: 1 juans, 6924 bytes
  [ok] cbeta-T21n1205: 1 juans, 19604 bytes
  [ok] cbeta-T21n1206: 1 juans, 1601 bytes
  [ok] cbeta-T21n1207: 1 juans, 2606 bytes
  [ok] cbeta-T21n1208: 1 juans, 2474 bytes
  [ok] cbeta-T21n1209: 1 juans, 6360 bytes
  [ok] cbeta-T21n1210: 1 juans, 3382 bytes
  [ok] cbeta-T21n1211: 1 juans, 27278 bytes
  [ok] cbeta-T21n1212: 1 juans, 103173 bytes
  [ok] cbeta-T21n1213: 1 juans, 1159 bytes
  [ok] cbeta-T21n1214: 1 juans, 9599 bytes
  [ok] cbeta-T21n1215: 1 juans, 7255 bytes
  [ok] cbeta-T21n1216: 1 juans, 20871 bytes
  [ok] cbeta-T21n1217: 3 juans, 55791 bytes
  [ok] cbeta-T21n1218: 1 juans, 16899 bytes
  [ok] cbeta-T21n1219: 1 juans, 1810 bytes
  [ok] cbeta-T21n1220: 1 juans, 6454 bytes
  [ok] cbeta-T21n1221: 1 juans, 7922 bytes
  [ok] cbeta-T21n1222a: 3 juans, 70419 bytes
  [ok] cbeta-T21n1222b: 3 juans, 49305 bytes
  [ok] cbeta-T21n1223: 1 juans, 16020 bytes
  [ok] cbeta-T21n1224: 1 juans, 9042 bytes
  [ok] cbeta-T21n1225: 1 juans, 27584 bytes
  [ok] cbeta-T21n1226: 1 juans, 2942 bytes
  [ok] cbeta-T21n1227: 3 juans, 66472 bytes
  [ok] cbeta-T21n1228: 1 juans, 5301 bytes
  [ok] cbeta-T21n1229: 1 juans, 5353 bytes
  [ok] cbeta-T21n1230: 1 juans, 23005 bytes
  [ok] cbeta-T21n1231: 1 juans, 14648 bytes
  [ok] cbeta-T21n1232: 1 juans, 7900 bytes
  [ok] cbeta-T21n1233: 1 juans, 7929 bytes
  [ok] cbeta-T21n1234: 1 juans, 9863 bytes
  [ok] cbeta-T21n1235: 1 juans, 2065 bytes
  [ok] cbeta-T21n1236: 1 juans, 5319 bytes
  [ok] cbeta-T21n1237: 1 juans, 6644 bytes
  [ok] cbeta-T21n1238: 1 juans, 29038 bytes
  [ok] cbeta-T21n1239: 3 juans, 65538 bytes
  [ok] cbeta-T21n1240: 1 juans, 1280 bytes
  [ok] cbeta-T21n1241: 1 juans, 1798 bytes
  [ok] cbeta-T21n1242: 1 juans, 19934 bytes
  [ok] cbeta-T21n1243: 2 juans, 24959 bytes
  [ok] cbeta-T21n1244: 1 juans, 8002 bytes
  [ok] cbeta-T21n1245: 1 juans, 11067 bytes
  [ok] cbeta-T21n1246: 1 juans, 19840 bytes
  [ok] cbeta-T21n1247: 1 juans, 2844 bytes
  [ok] cbeta-T21n1248: 1 juans, 9915 bytes
  [ok] cbeta-T21n1249: 1 juans, 8686 bytes
  [ok] cbeta-T21n1250: 1 juans, 11742 bytes
  [ok] cbeta-T21n1251: 3 juans, 87921 bytes
  [ok] cbeta-T21n1252a: 1 juans, 1489 bytes
  [ok] cbeta-T21n1252b: 1 juans, 1631 bytes
  [ok] cbeta-T21n1253: 1 juans, 8017 bytes
  [ok] cbeta-T21n1254: 1 juans, 15683 bytes
  [ok] cbeta-T21n1255a: 1 juans, 3257 bytes
  [ok] cbeta-T21n1255b: 1 juans, 4964 bytes
  [ok] cbeta-T21n1256: 1 juans, 2432 bytes
  [ok] cbeta-T21n1257: 7 juans, 95189 bytes
  [ok] cbeta-T21n1258: 1 juans, 1462 bytes
  [ok] cbeta-T21n1259: 1 juans, 998 bytes
  [ok] cbeta-T21n1260: 1 juans, 15057 bytes
  [ok] cbeta-T21n1261: 1 juans, 4109 bytes
  [ok] cbeta-T21n1262: 1 juans, 5355 bytes
  [ok] cbeta-T21n1263: 1 juans, 2324 bytes
  [ok] cbeta-T21n1264a: 1 juans, 2177 bytes
  [ok] cbeta-T21n1264b: 1 juans, 4194 bytes
  [ok] cbeta-T21n1265: 1 juans, 4578 bytes
  [ok] cbeta-T21n1266: 1 juans, 3177 bytes
  [ok] cbeta-T21n1267: 1 juans, 5317 bytes
  [ok] cbeta-T21n1268: 1 juans, 20699 bytes
  [ok] cbeta-T21n1269: 1 juans, 2081 bytes
  [ok] cbeta-T21n1270: 1 juans, 7442 bytes
  [ok] cbeta-T21n1271: 1 juans, 3563 bytes
  [ok] cbeta-T21n1272: 4 juans, 68059 bytes
  [ok] cbeta-T21n1273: 1 juans, 6817 bytes
  [ok] cbeta-T21n1274: 1 juans, 2719 bytes
  [ok] cbeta-T21n1275: 1 juans, 5906 bytes
  [ok] cbeta-T21n1276: 1 juans, 14972 bytes
  [ok] cbeta-T21n1277: 1 juans, 5659 bytes
  [ok] cbeta-T21n1278: 1 juans, 34185 bytes
  [ok] cbeta-T21n1279: 1 juans, 2390 bytes
  [ok] cbeta-T21n1280: 1 juans, 8314 bytes
  [ok] cbeta-T21n1281: 1 juans, 1292 bytes
  [ok] cbeta-T21n1282: 1 juans, 2517 bytes
  [ok] cbeta-T21n1283: 2 juans, 21510 bytes
  [ok] cbeta-T21n1284: 2 juans, 19806 bytes
  [ok] cbeta-T21n1285: 1 juans, 2027 bytes
  [ok] cbeta-T21n1286: 1 juans, 3399 bytes
  [ok] cbeta-T21n1287: 1 juans, 9385 bytes
  [ok] cbeta-T21n1288: 3 juans, 37547 bytes
  [ok] cbeta-T21n1289: 1 juans, 32495 bytes
  [ok] cbeta-T21n1290: 1 juans, 8772 bytes
  [ok] cbeta-T21n1291: 1 juans, 2431 bytes
  [ok] cbeta-T21n1292: 1 juans, 4014 bytes
  [ok] cbeta-T21n1293: 1 juans, 3133 bytes
  [polite-pause] 30s break after 100 requests
  [ok] cbeta-T21n1294: 1 juans, 3478 bytes
  [ok] cbeta-T21n1295: 1 juans, 12070 bytes
  [ok] cbeta-T21n1296: 1 juans, 2122 bytes
  [ok] cbeta-T21n1297: 1 juans, 8282 bytes
  [ok] cbeta-T21n1298: 1 juans, 5403 bytes
  [ok] cbeta-T21n1299: 2 juans, 52747 bytes
  [ok] cbeta-T21n1300: 2 juans, 54284 bytes
  [ok] cbeta-T21n1301: 1 juans, 52370 bytes
  [ok] cbeta-T21n1302: 1 juans, 5408 bytes
  [ok] cbeta-T21n1303: 1 juans, 4778 bytes
  [ok] cbeta-T21n1304: 1 juans, 4817 bytes
  [ok] cbeta-T21n1305: 1 juans, 1887 bytes
  [ok] cbeta-T21n1306: 1 juans, 2374 bytes
  [ok] cbeta-T21n1307: 1 juans, 2775 bytes
  [ok] cbeta-T21n1308: 2 juans, 68284 bytes
  [ok] cbeta-T21n1309: 1 juans, 13564 bytes
  [ok] cbeta-T21n1310: 1 juans, 7449 bytes
  [ok] cbeta-T21n1311: 1 juans, 11089 bytes
  [ok] cbeta-T21n1312: 1 juans, 7205 bytes
  [ok] cbeta-T21n1313: 1 juans, 5060 bytes
  [ok] cbeta-T21n1314: 1 juans, 3926 bytes
  [ok] cbeta-T21n1315: 1 juans, 7141 bytes
  [ok] cbeta-T21n1316: 1 juans, 246 bytes
  [ok] cbeta-T21n1317: 1 juans, 399 bytes
  [ok] cbeta-T21n1318: 1 juans, 16627 bytes
  [ok] cbeta-T21n1319: 1 juans, 6285 bytes
  [ok] cbeta-T21n1320: 1 juans, 33705 bytes
  [ok] cbeta-T21n1321: 1 juans, 21743 bytes
  [ok] cbeta-T21n1322: 1 juans, 4847 bytes
  [ok] cbeta-T21n1323: 1 juans, 1054 bytes
  [ok] cbeta-T21n1324: 1 juans, 2078 bytes
  [ok] cbeta-T21n1325: 1 juans, 1625 bytes
  [ok] cbeta-T21n1326: 1 juans, 607 bytes
  [ok] cbeta-T21n1327: 1 juans, 383 bytes
  [ok] cbeta-T21n1328: 1 juans, 203 bytes
  [ok] cbeta-T21n1329: 1 juans, 301 bytes
  [ok] cbeta-T21n1330: 1 juans, 11940 bytes
  [ok] cbeta-T21n1331: 12 juans, 194991 bytes
  [ok] cbeta-T21n1332: 4 juans, 111529 bytes
  [ok] cbeta-T21n1333: 1 juans, 16018 bytes
  [ok] cbeta-T21n1334: 1 juans, 13209 bytes
  [ok] cbeta-T21n1335: 4 juans, 60371 bytes
  [ok] cbeta-T21n1336: 10 juans, 244296 bytes
  [ok] cbeta-T21n1337: 1 juans, 6729 bytes
  [ok] cbeta-T21n1338: 1 juans, 601 bytes
  [ok] cbeta-T21n1339: 4 juans, 99940 bytes
  [ok] cbeta-T21n1340: 20 juans, 459866 bytes
  [ok] cbeta-T21n1341: 20 juans, 413410 bytes
  [ok] cbeta-T21n1342: 1 juans, 23626 bytes
  [ok] cbeta-T21n1343: 1 juans, 29490 bytes
  [ok] cbeta-T21n1344: 1 juans, 21907 bytes
  [ok] cbeta-T21n1345: 1 juans, 22472 bytes
  [ok] cbeta-T21n1346: 1 juans, 4279 bytes
  [ok] cbeta-T21n1347: 1 juans, 3167 bytes
  [ok] cbeta-T21n1348: 1 juans, 11571 bytes
  [ok] cbeta-T21n1349: 1 juans, 4388 bytes
  [ok] cbeta-T21n1350: 1 juans, 2613 bytes
  [ok] cbeta-T21n1351: 1 juans, 2653 bytes
  [ok] cbeta-T21n1352: 1 juans, 3078 bytes
  [ok] cbeta-T21n1353: 1 juans, 9617 bytes
  [ok] cbeta-T21n1354: 1 juans, 20270 bytes
  [ok] cbeta-T21n1355: 1 juans, 9769 bytes
  [ok] cbeta-T21n1356: 1 juans, 2855 bytes
  [ok] cbeta-T21n1357: 1 juans, 3158 bytes
  [ok] cbeta-T21n1358: 1 juans, 3654 bytes
  [ok] cbeta-T21n1359: 1 juans, 4274 bytes
  [ok] cbeta-T21n1360: 1 juans, 1179 bytes
  [ok] cbeta-T21n1361: 1 juans, 17341 bytes
  [ok] cbeta-T21n1362: 1 juans, 4950 bytes
  [ok] cbeta-T21n1363: 1 juans, 2516 bytes
  [ok] cbeta-T21n1364: 1 juans, 1801 bytes
  [ok] cbeta-T21n1365: 1 juans, 1869 bytes
  [ok] cbeta-T21n1366: 1 juans, 2074 bytes
  [ok] cbeta-T21n1367: 1 juans, 2129 bytes
  [ok] cbeta-T21n1368: 1 juans, 812 bytes
  [ok] cbeta-T21n1369a: 1 juans, 1333 bytes
  [ok] cbeta-T21n1369b: 1 juans, 1231 bytes
  [ok] cbeta-T21n1370: 1 juans, 7477 bytes
  [ok] cbeta-T21n1371: 1 juans, 4842 bytes
  [ok] cbeta-T21n1372: 1 juans, 966 bytes
  [ok] cbeta-T21n1373: 1 juans, 2455 bytes
  [ok] cbeta-T21n1374: 1 juans, 21824 bytes
  [ok] cbeta-T21n1375: 1 juans, 4719 bytes
  [ok] cbeta-T21n1376: 2 juans, 11173 bytes
  [ok] cbeta-T21n1377: 1 juans, 9905 bytes
  [ok] cbeta-T21n1378a: 1 juans, 1487 bytes
  [ok] cbeta-T21n1378b: 1 juans, 1882 bytes
  [ok] cbeta-T21n1379: 1 juans, 1041 bytes
  [ok] cbeta-T21n1380: 1 juans, 3986 bytes
  [ok] cbeta-T21n1381: 1 juans, 1287 bytes
  [ok] cbeta-T21n1382: 1 juans, 171 bytes
  [ok] cbeta-T21n1383: 1 juans, 765 bytes
  [ok] cbeta-T21n1384: 1 juans, 2019 bytes
  [ok] cbeta-T21n1385: 1 juans, 1393 bytes
  [ok] cbeta-T21n1386: 1 juans, 902 bytes
  [ok] cbeta-T21n1387: 1 juans, 1498 bytes
  [ok] cbeta-T21n1388: 1 juans, 1955 bytes
  [ok] cbeta-T21n1389: 1 juans, 278 bytes
  [ok] cbeta-T21n1390: 1 juans, 1191 bytes
  [ok] cbeta-T21n1391: 1 juans, 1624 bytes
  [polite-pause] 30s break after 200 requests
  [ok] cbeta-T21n1392: 1 juans, 7334 bytes
  [ok] cbeta-T21n1393: 1 juans, 3950 bytes
  [ok] cbeta-T21n1394: 1 juans, 6017 bytes
  [ok] cbeta-T21n1395: 1 juans, 2224 bytes
  [ok] cbeta-T21n1396: 1 juans, 2713 bytes
  [ok] cbeta-T21n1397: 1 juans, 2958 bytes
  [ok] cbeta-T21n1398: 1 juans, 3941 bytes
  [ok] cbeta-T21n1399: 1 juans, 768 bytes
  [ok] cbeta-T21n1400: 1 juans, 3884 bytes
  [ok] cbeta-T21n1401: 1 juans, 3503 bytes
  [ok] cbeta-T21n1402: 1 juans, 4343 bytes
  [ok] cbeta-T21n1403: 1 juans, 4059 bytes
  [ok] cbeta-T21n1404: 1 juans, 3549 bytes
  [ok] cbeta-T21n1405: 1 juans, 1290 bytes
  [ok] cbeta-T21n1406: 1 juans, 993 bytes
  [ok] cbeta-T21n1407: 1 juans, 1275 bytes
  [ok] cbeta-T21n1408: 1 juans, 7227 bytes
  [ok] cbeta-T21n1409: 1 juans, 4607 bytes
  [ok] cbeta-T21n1410: 1 juans, 2666 bytes
  [ok] cbeta-T21n1411: 1 juans, 895 bytes
  [ok] cbeta-T21n1412: 1 juans, 1143 bytes
  [ok] cbeta-T21n1413: 1 juans, 4035 bytes
  [ok] cbeta-T21n1414: 1 juans, 2184 bytes
  [ok] cbeta-T21n1415: 1 juans, 8585 bytes
  [ok] cbeta-T21n1416: 1 juans, 2230 bytes
  [ok] cbeta-T21n1417: 1 juans, 4588 bytes
  [ok] cbeta-T21n1418: 1 juans, 9602 bytes
  [ok] cbeta-T21n1419: 1 juans, 82471 bytes
  [ok] cbeta-T21n1420: 2 juans, 51517 bytes

[summary] {"ok": 228}
=== T22 ===
[canon] T  [volumes] 1: ['T22']...

[volume] T22
  [files] 15
  [ok] cbeta-T22n1421: 30 juans, 1032278 bytes
  [ok] cbeta-T22n1422a: 1 juans, 31331 bytes
  [ok] cbeta-T22n1422b: 1 juans, 26110 bytes
  [ok] cbeta-T22n1423: 1 juans, 40799 bytes
  [ok] cbeta-T22n1424: 1 juans, 35701 bytes
  [ok] cbeta-T22n1425: 40 juans, 1696971 bytes
  [ok] cbeta-T22n1426: 1 juans, 32765 bytes
  [ok] cbeta-T22n1427: 1 juans, 44417 bytes
  [ok] cbeta-T22n1428: 60 juans, 2226037 bytes
  [ok] cbeta-T22n1429: 1 juans, 36988 bytes
  [ok] cbeta-T22n1430: 1 juans, 36302 bytes
  [ok] cbeta-T22n1431: 1 juans, 47216 bytes
  [ok] cbeta-T22n1432: 1 juans, 42670 bytes
  [ok] cbeta-T22n1433: 1 juans, 54505 bytes
  [ok] cbeta-T22n1434: 1 juans, 27911 bytes

[summary] {"ok": 15}
=== T23 ===
[canon] T  [volumes] 1: ['T23']...

[volume] T23
  [files] 13
  [ok] cbeta-T23n1435: 61 juans, 2446558 bytes
  [ok] cbeta-T23n1436: 1 juans, 37102 bytes
  [ok] cbeta-T23n1437: 1 juans, 41495 bytes
  [ok] cbeta-T23n1438: 1 juans, 30807 bytes
  [ok] cbeta-T23n1439: 1 juans, 34258 bytes
  [ok] cbeta-T23n1440: 9 juans, 301617 bytes
  [ok] cbeta-T23n1441: 10 juans, 299481 bytes
  [ok] cbeta-T23n1442: 50 juans, 1433090 bytes
  [ok] cbeta-T23n1443: 20 juans, 568638 bytes
  [ok] cbeta-T23n1444: 4 juans, 111468 bytes
  [ok] cbeta-T23n1445: 1 juans, 17577 bytes
  [ok] cbeta-T23n1446: 1 juans, 20252 bytes
  [ok] cbeta-T23n1447: 2 juans, 47750 bytes

[summary] {"ok": 13}
=== T24 ===
[canon] T  [volumes] 1: ['T24']...

[volume] T24
  [files] 59
  [ok] cbeta-T24n1448: 18 juans, 527102 bytes
  [ok] cbeta-T24n1449: 1 juans, 9060 bytes
  [ok] cbeta-T24n1450: 20 juans, 557555 bytes
  [ok] cbeta-T24n1451: 40 juans, 1076608 bytes
  [ok] cbeta-T24n1452: 10 juans, 207637 bytes
  [ok] cbeta-T24n1453: 10 juans, 211520 bytes
  [ok] cbeta-T24n1454: 1 juans, 39966 bytes
  [ok] cbeta-T24n1455: 1 juans, 48412 bytes
  [ok] cbeta-T24n1456: 1 juans, 18291 bytes
  [ok] cbeta-T24n1457: 1 juans, 19047 bytes
  [ok] cbeta-T24n1458: 14 juans, 452125 bytes
  [ok] cbeta-T24n1459: 3 juans, 248654 bytes
  [ok] cbeta-T24n1460: 1 juans, 32798 bytes
  [ok] cbeta-T24n1461: 1 juans, 41535 bytes
  [ok] cbeta-T24n1462: 18 juans, 628803 bytes
  [ok] cbeta-T24n1463: 8 juans, 253617 bytes
  [ok] cbeta-T24n1464: 10 juans, 246407 bytes
  [ok] cbeta-T24n1465: 1 juans, 17300 bytes
  [ok] cbeta-T24n1466: 1 juans, 33441 bytes
  [ok] cbeta-T24n1467a: 1 juans, 2738 bytes
  [ok] cbeta-T24n1467b: 1 juans, 1827 bytes
  [ok] cbeta-T24n1468: 1 juans, 2644 bytes
  [ok] cbeta-T24n1469: 1 juans, 3964 bytes
  [ok] cbeta-T24n1470: 2 juans, 61193 bytes
  [ok] cbeta-T24n1471: 1 juans, 30930 bytes
  [ok] cbeta-T24n1472: 1 juans, 13097 bytes
  [ok] cbeta-T24n1473: 1 juans, 10532 bytes
  [ok] cbeta-T24n1474: 1 juans, 6532 bytes
  [ok] cbeta-T24n1475: 1 juans, 5690 bytes
  [ok] cbeta-T24n1476: 1 juans, 23903 bytes
  [ok] cbeta-T24n1477: 1 juans, 6353 bytes
  [ok] cbeta-T24n1478: 2 juans, 47788 bytes
  [ok] cbeta-T24n1479: 1 juans, 7189 bytes
  [ok] cbeta-T24n1480: 1 juans, 3948 bytes
  [ok] cbeta-T24n1481: 1 juans, 1743 bytes
  [ok] cbeta-T24n1482: 2 juans, 73253 bytes
  [ok] cbeta-T24n1483a: 1 juans, 56184 bytes
  [ok] cbeta-T24n1483b: 2 juans, 55664 bytes
  [ok] cbeta-T24n1484: 2 juans, 60371 bytes
  [ok] cbeta-T24n1485: 2 juans, 64100 bytes
  [ok] cbeta-T24n1486: 1 juans, 30991 bytes
  [ok] cbeta-T24n1487: 1 juans, 26928 bytes
  [ok] cbeta-T24n1488: 7 juans, 219789 bytes
  [ok] cbeta-T24n1489: 1 juans, 28759 bytes
  [ok] cbeta-T24n1490: 1 juans, 29718 bytes
  [ok] cbeta-T24n1491: 1 juans, 15654 bytes
  [ok] cbeta-T24n1492: 1 juans, 7084 bytes
  [ok] cbeta-T24n1493: 1 juans, 19694 bytes
  [ok] cbeta-T24n1494: 1 juans, 27361 bytes
  [ok] cbeta-T24n1495: 1 juans, 10182 bytes
  [ok] cbeta-T24n1496: 1 juans, 7157 bytes
  [ok] cbeta-T24n1497: 1 juans, 1420 bytes
  [ok] cbeta-T24n1498: 1 juans, 1852 bytes
  [ok] cbeta-T24n1499: 1 juans, 9695 bytes
  [ok] cbeta-T24n1500: 1 juans, 16348 bytes
  [ok] cbeta-T24n1501: 1 juans, 27241 bytes
  [ok] cbeta-T24n1502: 1 juans, 3774 bytes
  [ok] cbeta-T24n1503: 1 juans, 23483 bytes
  [ok] cbeta-T24n1504: 1 juans, 2274 bytes

[summary] {"ok": 59}
=== T25 ===
[canon] T  [volumes] 1: ['T25']...

[volume] T25
  [files] 15
  [ok] cbeta-T25n1505: 2 juans, 72759 bytes
  [ok] cbeta-T25n1506: 3 juans, 77461 bytes
  [ok] cbeta-T25n1507: 5 juans, 115830 bytes
  [ok] cbeta-T25n1508: 1 juans, 11719 bytes
  [ok] cbeta-T25n1509: 100 juans, 3551703 bytes
  [ok] cbeta-T25n1510a: 2 juans, 49315 bytes
  [ok] cbeta-T25n1510b: 3 juans, 73997 bytes
  [ok] cbeta-T25n1511: 3 juans, 81477 bytes
  [ok] cbeta-T25n1512: 10 juans, 385880 bytes
  [ok] cbeta-T25n1513: 3 juans, 48738 bytes
  [ok] cbeta-T25n1514: 1 juans, 11310 bytes
  [ok] cbeta-T25n1515: 2 juans, 52874 bytes
  [ok] cbeta-T25n1516: 2 juans, 12699 bytes
  [ok] cbeta-T25n1517: 4 juans, 62178 bytes
  [ok] cbeta-T25n1518: 1 juans, 8239 bytes

[summary] {"ok": 15}
=== T26 ===
[canon] T  [volumes] 1: ['T26']...

[volume] T26
  [files] 26
  [ok] cbeta-T26n1519: 2 juans, 44567 bytes
  [ok] cbeta-T26n1520: 1 juans, 40155 bytes
  [ok] cbeta-T26n1521: 17 juans, 538128 bytes
  [ok] cbeta-T26n1522: 12 juans, 388966 bytes
  [ok] cbeta-T26n1523: 4 juans, 133951 bytes
  [ok] cbeta-T26n1524: 1 juans, 12878 bytes
  [ok] cbeta-T26n1525: 9 juans, 202738 bytes
  [ok] cbeta-T26n1526: 1 juans, 18321 bytes
  [ok] cbeta-T26n1527: 1 juans, 16271 bytes
  [ok] cbeta-T26n1528: 1 juans, 9311 bytes
  [ok] cbeta-T26n1529: 1 juans, 41057 bytes
  [ok] cbeta-T26n1530: 7 juans, 177008 bytes
  [ok] cbeta-T26n1531: 2 juans, 45623 bytes
  [ok] cbeta-T26n1532: 4 juans, 88056 bytes
  [ok] cbeta-T26n1533: 1 juans, 15956 bytes
  [ok] cbeta-T26n1534: 1 juans, 28157 bytes
  [ok] cbeta-T26n1535: 1 juans, 3438 bytes
  [ok] cbeta-T26n1536: 20 juans, 435021 bytes
  [ok] cbeta-T26n1537: 12 juans, 301537 bytes
  [ok] cbeta-T26n1538: 7 juans, 73485 bytes
  [ok] cbeta-T26n1539: 16 juans, 404764 bytes
  [ok] cbeta-T26n1540: 3 juans, 60534 bytes
  [ok] cbeta-T26n1541: 12 juans, 311146 bytes
  [ok] cbeta-T26n1542: 18 juans, 384756 bytes
  [ok] cbeta-T26n1543: 30 juans, 733090 bytes
  [ok] cbeta-T26n1544: 20 juans, 624012 bytes

[summary] {"ok": 26}
=== T27 ===
[canon] T  [volumes] 1: ['T27']...

[volume] T27
  [files] 1
  [ok] cbeta-T27n1545: 200 juans, 4600665 bytes

[summary] {"ok": 1}
=== T28 ===
[canon] T  [volumes] 1: ['T28']...

[volume] T28
  [files] 12
  [ok] cbeta-T28n1546: 60 juans, 2080696 bytes
  [ok] cbeta-T28n1547: 14 juans, 553241 bytes
  [ok] cbeta-T28n1548: 30 juans, 975465 bytes
  [ok] cbeta-T28n1549: 10 juans, 439271 bytes
  [ok] cbeta-T28n1550: 4 juans, 124635 bytes
  [ok] cbeta-T28n1551: 6 juans, 184878 bytes
  [ok] cbeta-T28n1552: 11 juans, 490093 bytes
  [ok] cbeta-T28n1553: 2 juans, 76587 bytes
  [ok] cbeta-T28n1554: 2 juans, 43890 bytes
  [ok] cbeta-T28n1555: 2 juans, 32486 bytes
  [ok] cbeta-T28n1556: 1 juans, 12024 bytes
  [ok] cbeta-T28n1557: 1 juans, 15725 bytes

[summary] {"ok": 12}
=== T29 ===
[canon] T  [volumes] 1: ['T29']...

[volume] T29
  [files] 6
  [ok] cbeta-T29n1558: 30 juans, 760375 bytes
  [ok] cbeta-T29n1559: 22 juans, 766669 bytes
  [ok] cbeta-T29n1560: 1 juans, 89280 bytes
  [ok] cbeta-T29n1561: 5 juans, 15247 bytes
  [ok] cbeta-T29n1562: 80 juans, 2208873 bytes
  [ok] cbeta-T29n1563: 40 juans, 995237 bytes

[summary] {"ok": 6}
=== T30 ===
[canon] T  [volumes] 1: ['T30']...

[volume] T30
  [files] 21
  [ok] cbeta-T30n1564: 4 juans, 193361 bytes
  [ok] cbeta-T30n1565: 2 juans, 55687 bytes
  [ok] cbeta-T30n1566: 15 juans, 437876 bytes
  [ok] cbeta-T30n1567: 9 juans, 106616 bytes
  [ok] cbeta-T30n1568: 1 juans, 41816 bytes
  [ok] cbeta-T30n1569: 2 juans, 68770 bytes
  [ok] cbeta-T30n1570: 1 juans, 29638 bytes
  [ok] cbeta-T30n1571: 10 juans, 314366 bytes
  [ok] cbeta-T30n1572: 1 juans, 13460 bytes
  [ok] cbeta-T30n1573: 1 juans, 4523 bytes
  [ok] cbeta-T30n1574: 1 juans, 1919 bytes
  [ok] cbeta-T30n1575: 1 juans, 10140 bytes
  [ok] cbeta-T30n1576: 1 juans, 3718 bytes
  [ok] cbeta-T30n1577: 2 juans, 56516 bytes
  [ok] cbeta-T30n1578: 2 juans, 49752 bytes
  [ok] cbeta-T30n1579: 100 juans, 2896684 bytes
  [ok] cbeta-T30n1580: 1 juans, 25625 bytes
  [ok] cbeta-T30n1581: 10 juans, 330356 bytes
  [ok] cbeta-T30n1582: 9 juans, 267218 bytes
  [ok] cbeta-T30n1583: 1 juans, 22454 bytes
  [ok] cbeta-T30n1584: 3 juans, 86159 bytes

[summary] {"ok": 21}
=== T21-T30 DONE ===
